<?xml version="1.0" encoding="UTF-8"?>
<testng-results skipped="0" failed="1" total="4" passed="3">
  <reporter-output>
  </reporter-output>
  <suite name="Regression" duration-ms="49834" started-at="2019-07-16T20:16:03Z" finished-at="2019-07-16T20:16:53Z">
    <groups>
    </groups>
    <test name="Test" duration-ms="49834" started-at="2019-07-16T20:16:03Z" finished-at="2019-07-16T20:16:53Z">
      <class name="tests.HoverOverTest">
        <test-method status="PASS" signature="beforeTestStart()[pri:0, instance:tests.HoverOverTest@21a06946]" name="beforeTestStart" is-config="true" duration-ms="7695" started-at="2019-07-16T16:16:20Z" finished-at="2019-07-16T16:16:28Z">
          <reporter-output>
          </reporter-output>
        </test-method> <!-- beforeTestStart -->
        <test-method status="FAIL" signature="hoverOTest()[pri:0, instance:tests.HoverOverTest@21a06946]" name="hoverOTest" duration-ms="10425" started-at="2019-07-16T16:16:28Z" finished-at="2019-07-16T16:16:38Z">
          <exception class="org.openqa.selenium.NoSuchElementException">
            <message>
              <![CDATA[no such element: Unable to locate element: {"method":"link text","selector":"iPads"}
  (Session info: chrome=75.0.3770.100)
  (Driver info: chromedriver=74.0.3729.6 (255758eccf3d244491b8a1317aa76e1ce10d57e9-refs/branch-heads/3729@{#29}),platform=Windows NT 10.0.17134 x86_64) (WARNING: The server did not provide any stacktrace information)
Command duration or timeout: 0 milliseconds
For documentation on this error, please visit: http://seleniumhq.org/exceptions/no_such_element.html
Build info: version: '3.8.1', revision: '6e95a6684b', time: '2017-12-01T19:05:14.666Z'
System info: host: 'DESKTOP-5TRQ2HB', ip: '192.168.1.28', os.name: 'Windows 10', os.arch: 'amd64', os.version: '10.0', java.version: '1.8.0_191'
Driver info: org.openqa.selenium.chrome.ChromeDriver
Capabilities {acceptInsecureCerts: false, acceptSslCerts: false, applicationCacheEnabled: false, browserConnectionEnabled: false, browserName: chrome, chrome: {chromedriverVersion: 74.0.3729.6 (255758eccf3d24..., userDataDir: C:\Users\mdjal\AppData\Loca...}, cssSelectorsEnabled: true, databaseEnabled: false, goog:chromeOptions: {debuggerAddress: localhost:61969}, handlesAlerts: true, hasTouchScreen: false, javascriptEnabled: true, locationContextEnabled: true, mobileEmulationEnabled: false, nativeEvents: true, networkConnectionEnabled: false, pageLoadStrategy: normal, platform: XP, platformName: XP, proxy: Proxy(), rotatable: false, setWindowRect: true, strictFileInteractability: false, takesHeapSnapshot: true, takesScreenshot: true, timeouts: {implicit: 0, pageLoad: 300000, script: 30000}, unexpectedAlertBehaviour: ignore, unhandledPromptBehavior: ignore, version: 75.0.3770.100, webStorageEnabled: true}
Session ID: 18429dbb9e7306208b5ea5fd708ba3a8
*** Element info: {Using=link text, value=iPads}]]>
            </message>
            <full-stacktrace>
              <![CDATA[org.openqa.selenium.NoSuchElementException: no such element: Unable to locate element: {"method":"link text","selector":"iPads"}
  (Session info: chrome=75.0.3770.100)
  (Driver info: chromedriver=74.0.3729.6 (255758eccf3d244491b8a1317aa76e1ce10d57e9-refs/branch-heads/3729@{#29}),platform=Windows NT 10.0.17134 x86_64) (WARNING: The server did not provide any stacktrace information)
Command duration or timeout: 0 milliseconds
For documentation on this error, please visit: http://seleniumhq.org/exceptions/no_such_element.html
Build info: version: '3.8.1', revision: '6e95a6684b', time: '2017-12-01T19:05:14.666Z'
System info: host: 'DESKTOP-5TRQ2HB', ip: '192.168.1.28', os.name: 'Windows 10', os.arch: 'amd64', os.version: '10.0', java.version: '1.8.0_191'
Driver info: org.openqa.selenium.chrome.ChromeDriver
Capabilities {acceptInsecureCerts: false, acceptSslCerts: false, applicationCacheEnabled: false, browserConnectionEnabled: false, browserName: chrome, chrome: {chromedriverVersion: 74.0.3729.6 (255758eccf3d24..., userDataDir: C:\Users\mdjal\AppData\Loca...}, cssSelectorsEnabled: true, databaseEnabled: false, goog:chromeOptions: {debuggerAddress: localhost:61969}, handlesAlerts: true, hasTouchScreen: false, javascriptEnabled: true, locationContextEnabled: true, mobileEmulationEnabled: false, nativeEvents: true, networkConnectionEnabled: false, pageLoadStrategy: normal, platform: XP, platformName: XP, proxy: Proxy(), rotatable: false, setWindowRect: true, strictFileInteractability: false, takesHeapSnapshot: true, takesScreenshot: true, timeouts: {implicit: 0, pageLoad: 300000, script: 30000}, unexpectedAlertBehaviour: ignore, unhandledPromptBehavior: ignore, version: 75.0.3770.100, webStorageEnabled: true}
Session ID: 18429dbb9e7306208b5ea5fd708ba3a8
*** Element info: {Using=link text, value=iPads}
	at sun.reflect.NativeConstructorAccessorImpl.newInstance0(Native Method)
	at sun.reflect.NativeConstructorAccessorImpl.newInstance(Unknown Source)
	at sun.reflect.DelegatingConstructorAccessorImpl.newInstance(Unknown Source)
	at java.lang.reflect.Constructor.newInstance(Unknown Source)
	at org.openqa.selenium.remote.ErrorHandler.createThrowable(ErrorHandler.java:214)
	at org.openqa.selenium.remote.ErrorHandler.throwIfResponseFailed(ErrorHandler.java:166)
	at org.openqa.selenium.remote.http.JsonHttpResponseCodec.reconstructValue(JsonHttpResponseCodec.java:40)
	at org.openqa.selenium.remote.http.AbstractHttpResponseCodec.decode(AbstractHttpResponseCodec.java:80)
	at org.openqa.selenium.remote.http.AbstractHttpResponseCodec.decode(AbstractHttpResponseCodec.java:44)
	at org.openqa.selenium.remote.HttpCommandExecutor.execute(HttpCommandExecutor.java:164)
	at org.openqa.selenium.remote.service.DriverCommandExecutor.execute(DriverCommandExecutor.java:83)
	at org.openqa.selenium.remote.RemoteWebDriver.execute(RemoteWebDriver.java:601)
	at org.openqa.selenium.remote.RemoteWebDriver.findElement(RemoteWebDriver.java:371)
	at org.openqa.selenium.remote.RemoteWebDriver.findElementByLinkText(RemoteWebDriver.java:425)
	at org.openqa.selenium.By$ByLinkText.findElement(By.java:246)
	at org.openqa.selenium.remote.RemoteWebDriver.findElement(RemoteWebDriver.java:363)
	at tests.HoverOverTest.hoverOTest(HoverOverTest.java:27)
	at sun.reflect.NativeMethodAccessorImpl.invoke0(Native Method)
	at sun.reflect.NativeMethodAccessorImpl.invoke(Unknown Source)
	at sun.reflect.DelegatingMethodAccessorImpl.invoke(Unknown Source)
	at java.lang.reflect.Method.invoke(Unknown Source)
	at org.testng.internal.MethodInvocationHelper.invokeMethod(MethodInvocationHelper.java:85)
	at org.testng.internal.Invoker.invokeMethod(Invoker.java:639)
	at org.testng.internal.Invoker.invokeTestMethod(Invoker.java:816)
	at org.testng.internal.Invoker.invokeTestMethods(Invoker.java:1124)
	at org.testng.internal.TestMethodWorker.invokeTestMethods(TestMethodWorker.java:125)
	at org.testng.internal.TestMethodWorker.run(TestMethodWorker.java:108)
	at org.testng.TestRunner.privateRun(TestRunner.java:774)
	at org.testng.TestRunner.run(TestRunner.java:624)
	at org.testng.SuiteRunner.runTest(SuiteRunner.java:359)
	at org.testng.SuiteRunner.runSequentially(SuiteRunner.java:354)
	at org.testng.SuiteRunner.privateRun(SuiteRunner.java:312)
	at org.testng.SuiteRunner.run(SuiteRunner.java:261)
	at org.testng.SuiteRunnerWorker.runSuite(SuiteRunnerWorker.java:52)
	at org.testng.SuiteRunnerWorker.run(SuiteRunnerWorker.java:86)
	at org.testng.TestNG.runSuitesSequentially(TestNG.java:1215)
	at org.testng.TestNG.runSuitesLocally(TestNG.java:1140)
	at org.testng.TestNG.run(TestNG.java:1048)
	at org.testng.TestNG.privateMain(TestNG.java:1355)
	at org.testng.TestNG.main(TestNG.java:1324)
]]>
            </full-stacktrace>
          </exception> <!-- org.openqa.selenium.NoSuchElementException -->
          <reporter-output>
          </reporter-output>
        </test-method> <!-- hoverOTest -->
        <test-method status="PASS" signature="tearDown(org.testng.ITestResult)[pri:0, instance:tests.HoverOverTest@21a06946]" name="tearDown" is-config="true" duration-ms="979" started-at="2019-07-16T16:16:38Z" finished-at="2019-07-16T16:16:39Z">
          <params>
            <param index="0">
              <value>
                <![CDATA[[TestResult name=hoverOTest status=FAILURE method=HoverOverTest.hoverOTest()[pri:0, instance:tests.HoverOverTest@21a06946] output={null}]]]>
              </value>
            </param>
          </params>
          <reporter-output>
          </reporter-output>
        </test-method> <!-- tearDown -->
      </class> <!-- tests.HoverOverTest -->
      <class name="tests.Countlinks">
        <test-method status="PASS" signature="beforeTestStart()[pri:0, instance:tests.Countlinks@77f03bb1]" name="beforeTestStart" is-config="true" duration-ms="8352" started-at="2019-07-16T16:16:39Z" finished-at="2019-07-16T16:16:48Z">
          <reporter-output>
          </reporter-output>
        </test-method> <!-- beforeTestStart -->
        <test-method status="PASS" signature="Countinglinks()[pri:0, instance:tests.Countlinks@77f03bb1]" name="Countinglinks" duration-ms="3127" started-at="2019-07-16T16:16:48Z" finished-at="2019-07-16T16:16:51Z">
          <reporter-output>
          </reporter-output>
        </test-method> <!-- Countinglinks -->
        <test-method status="PASS" signature="tearDown(org.testng.ITestResult)[pri:0, instance:tests.Countlinks@77f03bb1]" name="tearDown" is-config="true" duration-ms="2173" started-at="2019-07-16T16:16:51Z" finished-at="2019-07-16T16:16:53Z">
          <params>
            <param index="0">
              <value>
                <![CDATA[[TestResult name=Countinglinks status=SUCCESS method=Countlinks.Countinglinks()[pri:0, instance:tests.Countlinks@77f03bb1] output={null}]]]>
              </value>
            </param>
          </params>
          <reporter-output>
          </reporter-output>
        </test-method> <!-- tearDown -->
      </class> <!-- tests.Countlinks -->
      <class name="tests.GetAttributePractice">
        <test-method status="PASS" signature="beforeTestStart()[pri:0, instance:tests.GetAttributePractice@483bf400]" name="beforeTestStart" is-config="true" duration-ms="7201" started-at="2019-07-16T16:16:11Z" finished-at="2019-07-16T16:16:18Z">
          <reporter-output>
          </reporter-output>
        </test-method> <!-- beforeTestStart -->
        <test-method status="PASS" signature="imageCheckUsingGetAttribute()[pri:0, instance:tests.GetAttributePractice@483bf400]" name="imageCheckUsingGetAttribute" duration-ms="32" started-at="2019-07-16T16:16:18Z" finished-at="2019-07-16T16:16:18Z">
          <reporter-output>
          </reporter-output>
        </test-method> <!-- imageCheckUsingGetAttribute -->
        <test-method status="PASS" signature="tearDown(org.testng.ITestResult)[pri:0, instance:tests.GetAttributePractice@483bf400]" name="tearDown" is-config="true" duration-ms="2173" started-at="2019-07-16T16:16:18Z" finished-at="2019-07-16T16:16:20Z">
          <params>
            <param index="0">
              <value>
                <![CDATA[[TestResult name=imageCheckUsingGetAttribute status=SUCCESS method=GetAttributePractice.imageCheckUsingGetAttribute()[pri:0, instance:tests.GetAttributePractice@483bf400] output={null}]]]>
              </value>
            </param>
          </params>
          <reporter-output>
          </reporter-output>
        </test-method> <!-- tearDown -->
      </class> <!-- tests.GetAttributePractice -->
      <class name="tests.DraganddropjQuery">
        <test-method status="PASS" signature="draganddrop()[pri:0, instance:tests.DraganddropjQuery@3ecf72fd]" name="draganddrop" duration-ms="7662" started-at="2019-07-16T16:16:03Z" finished-at="2019-07-16T16:16:11Z">
          <reporter-output>
          </reporter-output>
        </test-method> <!-- draganddrop -->
      </class> <!-- tests.DraganddropjQuery -->
    </test> <!-- Test -->
  </suite> <!-- Regression -->
</testng-results>
